  BaseService.cpp
C:\Users\Trifon\Desktop\DEV-2022\Task2_Project\BaseService.cpp(1,10): warning C4067: unexpected tokens following preprocessor directive - expected a newline
C:\Users\Trifon\Desktop\DEV-2022\Task2_Project\BaseService.cpp(2,10): warning C4067: unexpected tokens following preprocessor directive - expected a newline
C:\Users\Trifon\Desktop\DEV-2022\Task2_Project\BaseService.cpp(18,42): warning C4244: 'argument': conversion from 'INT_PTR' to 'const int', possible loss of data
C:\Users\Trifon\Desktop\DEV-2022\Task2_Project\BaseService.cpp(32,42): warning C4244: 'argument': conversion from 'INT_PTR' to 'const int', possible loss of data
  CityService.cpp
C:\Users\Trifon\Desktop\DEV-2022\Task2_Project\CityService.h(4,10): warning C4067: unexpected tokens following preprocessor directive - expected a newline
C:\Users\Trifon\Desktop\DEV-2022\Task2_Project\BaseService.cpp(1,10): warning C4067: unexpected tokens following preprocessor directive - expected a newline
C:\Users\Trifon\Desktop\DEV-2022\Task2_Project\BaseService.cpp(2,10): warning C4067: unexpected tokens following preprocessor directive - expected a newline
C:\Users\Trifon\Desktop\DEV-2022\Task2_Project\BaseService.cpp(18,42): warning C4244: 'argument': conversion from 'INT_PTR' to 'const int', possible loss of data
C:\Users\Trifon\Desktop\DEV-2022\Task2_Project\BaseService.cpp(32,42): warning C4244: 'argument': conversion from 'INT_PTR' to 'const int', possible loss of data
C:\Users\Trifon\Desktop\DEV-2022\Task2_Project\CityService.cpp(115,39): warning C4244: 'argument': conversion from 'INT_PTR' to 'const int', possible loss of data
C:\Users\Trifon\Desktop\DEV-2022\Task2_Project\CityService.cpp(131,23): warning C4018: '<': signed/unsigned mismatch
C:\Users\Trifon\Desktop\DEV-2022\Task2_Project\CityService.cpp(161,23): warning C4018: '<': signed/unsigned mismatch
C:\Users\Trifon\Desktop\DEV-2022\Task2_Project\CityService.cpp(190,23): warning C4018: '<': signed/unsigned mismatch
C:\Users\Trifon\Desktop\DEV-2022\Task2_Project\CityService.cpp(192,24): warning C4018: '<': signed/unsigned mismatch
  PhoneNumberService.cpp
C:\Users\Trifon\Desktop\DEV-2022\Task2_Project\PhoneNumberService.cpp(70,42): warning C4244: 'argument': conversion from 'INT_PTR' to 'const int', possible loss of data
C:\Users\Trifon\Desktop\DEV-2022\Task2_Project\PhoneNumberService.cpp(84,23): warning C4018: '<': signed/unsigned mismatch
  Task2_Project.cpp
C:\Users\Trifon\Desktop\DEV-2022\Task2_Project\CityService.h(4,10): warning C4067: unexpected tokens following preprocessor directive - expected a newline
C:\Users\Trifon\Desktop\DEV-2022\Task2_Project\Task2_Project.cpp(150,23): warning C4018: '<': signed/unsigned mismatch
  Generating Code...
C:\Users\Trifon\Desktop\DEV-2022\Task2_Project\BaseService.cpp(27): warning C4715: 'BaseService<T>::GetPointerAtIndex': not all control paths return a value
C:\Users\Trifon\Desktop\DEV-2022\Task2_Project\BaseService.cpp(27): warning C4715: 'BaseService<T>::GetPointerAtIndex': not all control paths return a value
CityService.obj : error LNK2005: "public: class T * __cdecl BaseService<class T>::GetPointerAtIndex(int,class CTypedPtrArray<class CPtrArray,class T *> &)" (?GetPointerAtIndex@?$BaseService@VT@@@@QEAAPEAVT@@HAEAV?$CTypedPtrArray@VCPtrArray@@PEAVT@@@@@Z) already defined in BaseService.obj
CityService.obj : error LNK2005: "public: void __cdecl BaseService<class T>::RemoveAt(int,int,class CTypedPtrArray<class CPtrArray,class T *> &)" (?RemoveAt@?$BaseService@VT@@@@QEAAXHHAEAV?$CTypedPtrArray@VCPtrArray@@PEAVT@@@@@Z) already defined in BaseService.obj
CityService.obj : error LNK2005: "public: void __cdecl BaseService<class T>::ValidateIndex(int,int)" (?ValidateIndex@?$BaseService@VT@@@@QEAAXHH@Z) already defined in BaseService.obj
CityService.obj : error LNK2019: unresolved external symbol "public: void __cdecl BaseService<struct CITIES>::ValidateIndex(int,int)" (?ValidateIndex@?$BaseService@UCITIES@@@@QEAAXHH@Z) referenced in function "public: virtual void __cdecl CityService::ShowElementInfoAtIndex(int,class CTypedPtrArray<class CPtrArray,struct CITIES *> const &)" (?ShowElementInfoAtIndex@CityService@@UEAAXHAEBV?$CTypedPtrArray@VCPtrArray@@PEAUCITIES@@@@@Z)
PhoneNumberService.obj : error LNK2019: unresolved external symbol "public: void __cdecl BaseService<struct PHONE_NUMBERS>::ValidateIndex(int,int)" (?ValidateIndex@?$BaseService@UPHONE_NUMBERS@@@@QEAAXHH@Z) referenced in function "public: virtual void __cdecl PhoneNumberService::ShowElementInfoAtIndex(int,class CTypedPtrArray<class CPtrArray,struct PHONE_NUMBERS *> const &)" (?ShowElementInfoAtIndex@PhoneNumberService@@UEAAXHAEBV?$CTypedPtrArray@VCPtrArray@@PEAUPHONE_NUMBERS@@@@@Z)
Task2_Project.obj : error LNK2019: unresolved external symbol "public: struct CITIES * __cdecl BaseService<struct CITIES>::GetPointerAtIndex(int,class CTypedPtrArray<class CPtrArray,struct CITIES *> &)" (?GetPointerAtIndex@?$BaseService@UCITIES@@@@QEAAPEAUCITIES@@HAEAV?$CTypedPtrArray@VCPtrArray@@PEAUCITIES@@@@@Z) referenced in function "void __cdecl CityAreaNameChanging(class CityService &,class CTypedPtrArray<class CPtrArray,struct CITIES *> &)" (?CityAreaNameChanging@@YAXAEAVCityService@@AEAV?$CTypedPtrArray@VCPtrArray@@PEAUCITIES@@@@@Z)
Task2_Project.obj : error LNK2019: unresolved external symbol "public: void __cdecl BaseService<struct CITIES>::RemoveAt(int,int,class CTypedPtrArray<class CPtrArray,struct CITIES *> &)" (?RemoveAt@?$BaseService@UCITIES@@@@QEAAXHHAEAV?$CTypedPtrArray@VCPtrArray@@PEAUCITIES@@@@@Z) referenced in function "void __cdecl ManageCities(void)" (?ManageCities@@YAXXZ)
Task2_Project.obj : error LNK2019: unresolved external symbol "public: void __cdecl BaseService<struct PHONE_NUMBERS>::RemoveAt(int,int,class CTypedPtrArray<class CPtrArray,struct PHONE_NUMBERS *> &)" (?RemoveAt@?$BaseService@UPHONE_NUMBERS@@@@QEAAXHHAEAV?$CTypedPtrArray@VCPtrArray@@PEAUPHONE_NUMBERS@@@@@Z) referenced in function "void __cdecl ManagePhoneNumbers(void)" (?ManagePhoneNumbers@@YAXXZ)
C:\Users\Trifon\Desktop\DEV-2022\Task2_Project\x64\Debug\Task2_Project.exe : fatal error LNK1120: 5 unresolved externals
